

state: succeeded
commit: none
docker_image_id: sha256:5a4bb3ecd807de29a18a01ffae01739415778f0b770cbd43d7140bb0017306f1
job_id: ktrmmoqx27azqqpw
run_by_user: arowan
created_at: 2021-03-16T09:01:10Z
started_at: 2021-03-16T09:01:19Z
completed_at: 2021-03-16T09:02:38Z

Completed successfully

outputs:
  logs/cr_create_analysis_dataset.smcl                                 - moderately_sensitive
  output/data/primaryobjective1TVCtest.ster                            - moderately_sensitive
  output/data/primaryobjective1adjusted.ster                           - moderately_sensitive
  output/data/primaryobjective1adjustedTVC.ster                        - moderately_sensitive
  output/data/primaryobjective1adjusted_completecaseethnicity.ster     - moderately_sensitive
  output/data/primaryobjective1adjusted_completecaseethnicityTVC.ster  - moderately_sensitive
  output/data/primaryobjective1adjusted_noethnicity.ster               - moderately_sensitive
  output/data/primaryobjective1adjusted_noethnicityTVC.ster            - moderately_sensitive
  output/data/primaryobjective1adjusteditudeath.ster                   - moderately_sensitive
  output/data/primaryobjective1adjusteditudeath_ethnicity.ster         - moderately_sensitive
  output/data/primaryobjective1adjusteditudeath_ethnicity_nomiss.ster  - moderately_sensitive
  output/data/primaryobjective1limitedadjitudeath.ster                 - moderately_sensitive
  output/data/primaryobjective1limitedadjusted.ster                    - moderately_sensitive
  output/data/primaryobjective1sensitivity1.ster                       - moderately_sensitive
  output/data/primaryobjective1sensitivity2.ster                       - moderately_sensitive
  output/data/primaryobjective1unadj.ster                              - moderately_sensitive
  output/data/primaryobjective2aTVCtest.ster                           - moderately_sensitive
  output/data/primaryobjective2aadjusted.ster                          - moderately_sensitive
  output/data/primaryobjective2aadjustedTVC.ster                       - moderately_sensitive
  output/data/primaryobjective2aadjusted_inc_icu.ster                  - moderately_sensitive
  output/data/primaryobjective2alimitedadj.ster                        - moderately_sensitive
  output/data/primaryobjective2asensitivity1.ster                      - moderately_sensitive
  output/data/primaryobjective2asensitivity2.ster                      - moderately_sensitive
  output/data/primaryobjective2asensitivity3.ster                      - moderately_sensitive
  output/data/primaryobjective2asensitivity4.ster                      - moderately_sensitive
  output/data/primaryobjective2asensitivity5.ster                      - moderately_sensitive
  output/data/primaryobjective2asensitivity6.ster                      - moderately_sensitive
  output/data/primaryobjective2aunadj.ster                             - moderately_sensitive
  output/data/primaryobjective2aunadj_inc_icu.ster                     - moderately_sensitive
  output/data/primaryobjective2bTVCtest.ster                           - moderately_sensitive
  output/data/primaryobjective2badjusted.ster                          - moderately_sensitive
  output/data/primaryobjective2badjustedTVC.ster                       - moderately_sensitive
  output/data/primaryobjective2bsensitivity1.ster                      - moderately_sensitive
  output/data/primaryobjective2bsensitivity2.ster                      - moderately_sensitive
  output/data/primaryobjective2bsensitivity3.ster                      - moderately_sensitive
  output/data/primaryobjective2bsensitivity4.ster                      - moderately_sensitive
  output/data/primaryobjective2bunadj.ster                             - moderately_sensitive
  output/data/primaryobjective2cTVCtest.ster                           - moderately_sensitive
  output/data/primaryobjective2cadjusted.ster                          - moderately_sensitive
  output/data/primaryobjective2cadjustedTVC.ster                       - moderately_sensitive
  output/data/primaryobjective2csensitivity1.ster                      - moderately_sensitive
  output/data/primaryobjective2csensitivity2.ster                      - moderately_sensitive
  output/data/primaryobjective2csensitivity3.ster                      - moderately_sensitive
  output/data/primaryobjective2csensitivity4.ster                      - moderately_sensitive
  output/data/primaryobjective2cunadj.ster                             - moderately_sensitive
  output/data/primaryobjective2dTVCtest.ster                           - moderately_sensitive
  output/data/primaryobjective2dadjusted.ster                          - moderately_sensitive
  output/data/primaryobjective2dadjustedTVC.ster                       - moderately_sensitive
  output/data/primaryobjective2dsensitivity1.ster                      - moderately_sensitive
  output/data/primaryobjective2dsensitivity2.ster                      - moderately_sensitive
  output/data/primaryobjective2dsensitivity3.ster                      - moderately_sensitive
  output/data/primaryobjective2dsensitivity4.ster                      - moderately_sensitive
  output/data/primaryobjective2dunadj.ster                             - moderately_sensitive
  output/data/primaryobjective2limitedadj_inc_icu.ster                 - moderately_sensitive
  output/data/tables.csv                                               - moderately_sensitive
  output/figures/out_death_freq.pdf                                    - moderately_sensitive
  output/figures/primeob1_NA.pdf                                       - moderately_sensitive
  output/figures/primeob1_nonadj.pdf                                   - moderately_sensitive
  output/figures/primeob1_nonadjitudeath.pdf                           - moderately_sensitive
  output/figures/primeob1_nonadjitudeath_NA.pdf                        - moderately_sensitive
  output/figures/primeob1sens1.pdf                                     - moderately_sensitive
  output/figures/primeob1sens1_NA.pdf                                  - moderately_sensitive
  output/figures/primeob2a.pdf                                         - moderately_sensitive
  output/figures/primeob2a_NA.pdf                                      - moderately_sensitive
  output/figures/primeob2a_inc_icu.pdf                                 - moderately_sensitive
  output/figures/primeob2a_inc_icu_NA.pdf                              - moderately_sensitive
  output/figures/primeob2b.pdf                                         - moderately_sensitive
  output/figures/primeob2b_NA.pdf                                      - moderately_sensitive
  output/figures/primeob2c.pdf                                         - moderately_sensitive
  output/figures/primeob2c_NA.pdf                                      - moderately_sensitive
  output/figures/primeob2d.pdf                                         - moderately_sensitive
  output/figures/primeob2d_NA.pdf                                      - moderately_sensitive